******************************************************************************************
python mergemeta.py demo.xml 1999-2018 Demographics data/mirador data/mirador/1999-2018 varequiv
Reading input metadata...
Merging metadata...
Found 17 common variables.
Merging weights...
Writing merged metadata...
Done.
------------------------------------------------------------------------------------------
******************************************************************************************
python mergemeta.py exam.xml 1999-2018 Examination data/mirador data/mirador/1999-2018 varequiv
Reading input metadata...
Merging metadata...
Found 9 common variables.
Merging weights...
Writing merged metadata...
Done.
------------------------------------------------------------------------------------------
******************************************************************************************
python makeweights.py data/mirador/1999-2018 weights.list weights.csv weights.xml
Loading source weights...
Writing merged weights...
Done: written 101316 rows and 2 columns.
Writing metadata for merged weights...
Done.
------------------------------------------------------------------------------------------
******************************************************************************************
python checkmeta.py data/mirador/1999-2018/demo.xml
Validating metadata file data/mirador/1999-2018/demo.xml...
Done: No problems detected.
------------------------------------------------------------------------------------------
******************************************************************************************
python checkmeta.py data/mirador/1999-2018/exam.xml
Validating metadata file data/mirador/1999-2018/exam.xml...
Done: No problems detected.
------------------------------------------------------------------------------------------
******************************************************************************************
python checkmeta.py data/mirador/1999-2018/weights.xml
Validating metadata file data/mirador/1999-2018/weights.xml...
Done: No problems detected.
------------------------------------------------------------------------------------------
******************************************************************************************
python aggregate.py data/mirador/1999-2018 demo.xml exam.xml weights.xml data.tsv
Getting variable values...
Done.
Writing aggregated data file...
Done: written 101316 rows and 27 columns.
------------------------------------------------------------------------------------------
CREATING DICTIONARY...
******************************************************************************************
python makedict.py data/mirador/1999-2018 demo.xml exam.xml weights.xml data.tsv dictionary.tsv
Loading data...
Done.
Loading metadata...
Done.
Creating dictionary file...
Done.
------------------------------------------------------------------------------------------
CREATING GROUPS...
******************************************************************************************
python makegroups.py data/mirador/1999-2018 demo.xml exam.xml weights.xml groups.xml
Creating groups file...
Demographics Demographics
Demographic Variables and Sample Weights (DEMO_J) Demographic Variables and Sample Weights (DEMO_J)
Examination Examination
Body Measures (BMX_J) Body Measures (BMX_J)
Weights Weights
Sample weights Sample weights
Done.
------------------------------------------------------------------------------------------
******************************************************************************************
python checkdata.py data/mirador/1999-2018 demo.xml exam.xml weights.xml data.tsv
Loading data...
Done.
Loading metadata...
Done.
Validating data...
No problems detected.
------------------------------------------------------------------------------------------
